{"/Users/aaron.murniadi/workspace/personal/qrypt/frontend/src/lib/vault-utils.ts": {"path":"/Users/aaron.murniadi/workspace/personal/qrypt/frontend/src/lib/vault-utils.ts","statementMap":{"0":{"start":{"line":4,"column":2},"end":{"line":4,"column":null}},"1":{"start":{"line":4,"column":26},"end":{"line":4,"column":null}},"2":{"start":{"line":5,"column":2},"end":{"line":5,"column":null}},"3":{"start":{"line":9,"column":2},"end":{"line":9,"column":null}},"4":{"start":{"line":13,"column":2},"end":{"line":13,"column":null}},"5":{"start":{"line":17,"column":2},"end":{"line":17,"column":null}},"6":{"start":{"line":21,"column":12},"end":{"line":21,"column":36}},"7":{"start":{"line":22,"column":12},"end":{"line":22,"column":30}},"8":{"start":{"line":23,"column":2},"end":{"line":23,"column":null}},"9":{"start":{"line":26,"column":25},"end":{"line":26,"column":null}},"10":{"start":{"line":29,"column":12},"end":{"line":29,"column":33}},"11":{"start":{"line":30,"column":2},"end":{"line":30,"column":null}},"12":{"start":{"line":34,"column":8},"end":{"line":34,"column":70}},"13":{"start":{"line":35,"column":2},"end":{"line":35,"column":null}},"14":{"start":{"line":39,"column":2},"end":{"line":39,"column":null}},"15":{"start":{"line":47,"column":12},"end":{"line":47,"column":null}},"16":{"start":{"line":48,"column":14},"end":{"line":48,"column":68}},"17":{"start":{"line":50,"column":2},"end":{"line":56,"column":null}},"18":{"start":{"line":51,"column":4},"end":{"line":51,"column":null}},"19":{"start":{"line":51,"column":54},"end":{"line":51,"column":null}},"20":{"start":{"line":52,"column":4},"end":{"line":52,"column":null}},"21":{"start":{"line":52,"column":33},"end":{"line":52,"column":null}},"22":{"start":{"line":53,"column":16},"end":{"line":53,"column":69}},"23":{"start":{"line":54,"column":4},"end":{"line":54,"column":null}},"24":{"start":{"line":54,"column":14},"end":{"line":54,"column":null}},"25":{"start":{"line":55,"column":4},"end":{"line":56,"column":null}},"26":{"start":{"line":56,"column":6},"end":{"line":56,"column":null}},"27":{"start":{"line":60,"column":2},"end":{"line":69,"column":null}},"28":{"start":{"line":61,"column":4},"end":{"line":61,"column":null}},"29":{"start":{"line":61,"column":54},"end":{"line":61,"column":null}},"30":{"start":{"line":62,"column":4},"end":{"line":62,"column":null}},"31":{"start":{"line":62,"column":33},"end":{"line":62,"column":null}},"32":{"start":{"line":63,"column":16},"end":{"line":63,"column":69}},"33":{"start":{"line":64,"column":4},"end":{"line":64,"column":null}},"34":{"start":{"line":64,"column":14},"end":{"line":64,"column":null}},"35":{"start":{"line":65,"column":18},"end":{"line":65,"column":34}},"36":{"start":{"line":66,"column":4},"end":{"line":69,"column":null}},"37":{"start":{"line":67,"column":22},"end":{"line":67,"column":41}},"38":{"start":{"line":68,"column":6},"end":{"line":69,"column":null}},"39":{"start":{"line":69,"column":8},"end":{"line":69,"column":null}},"40":{"start":{"line":74,"column":27},"end":{"line":74,"column":29}},"41":{"start":{"line":75,"column":2},"end":{"line":81,"column":null}},"42":{"start":{"line":75,"column":52},"end":{"line":75,"column":70}},"43":{"start":{"line":76,"column":14},"end":{"line":76,"column":27}},"44":{"start":{"line":77,"column":21},"end":{"line":77,"column":null}},"45":{"start":{"line":78,"column":4},"end":{"line":81,"column":null}},"46":{"start":{"line":79,"column":6},"end":{"line":79,"column":null}},"47":{"start":{"line":81,"column":6},"end":{"line":81,"column":null}},"48":{"start":{"line":84,"column":2},"end":{"line":84,"column":null}}},"fnMap":{"0":{"name":"formatErr","decl":{"start":{"line":3,"column":16},"end":{"line":3,"column":26}},"loc":{"start":{"line":3,"column":46},"end":{"line":5,"column":null}},"line":3},"1":{"name":"isTextLike","decl":{"start":{"line":8,"column":16},"end":{"line":8,"column":27}},"loc":{"start":{"line":8,"column":41},"end":{"line":9,"column":null}},"line":8},"2":{"name":"isImage","decl":{"start":{"line":12,"column":16},"end":{"line":12,"column":24}},"loc":{"start":{"line":12,"column":38},"end":{"line":13,"column":null}},"line":12},"3":{"name":"isVideo","decl":{"start":{"line":16,"column":16},"end":{"line":16,"column":24}},"loc":{"start":{"line":16,"column":38},"end":{"line":17,"column":null}},"line":16},"4":{"name":"basename","decl":{"start":{"line":20,"column":16},"end":{"line":20,"column":25}},"loc":{"start":{"line":20,"column":39},"end":{"line":23,"column":null}},"line":20},"5":{"name":"parentVaultPath","decl":{"start":{"line":28,"column":16},"end":{"line":28,"column":32}},"loc":{"start":{"line":28,"column":54},"end":{"line":30,"column":null}},"line":28},"6":{"name":"vaultPathFromDrag","decl":{"start":{"line":33,"column":16},"end":{"line":33,"column":34}},"loc":{"start":{"line":33,"column":67},"end":{"line":35,"column":null}},"line":33},"7":{"name":"canAcceptVaultPathDrop","decl":{"start":{"line":38,"column":16},"end":{"line":38,"column":39}},"loc":{"start":{"line":38,"column":66},"end":{"line":39,"column":null}},"line":38},"8":{"name":"listChildRows","decl":{"start":{"line":46,"column":16},"end":{"line":46,"column":30}},"loc":{"start":{"line":46,"column":99},"end":{"line":84,"column":null}},"line":46},"9":{"name":"(anonymous_9)","decl":{"start":{"line":75,"column":37},"end":{"line":75,"column":43}},"loc":{"start":{"line":75,"column":52},"end":{"line":75,"column":70}},"line":75}},"branchMap":{"0":{"loc":{"start":{"line":4,"column":2},"end":{"line":4,"column":null}},"type":"if","locations":[{"start":{"line":4,"column":2},"end":{"line":4,"column":null}},{"start":{},"end":{}}],"line":4},"1":{"loc":{"start":{"line":9,"column":9},"end":{"line":9,"column":null}},"type":"binary-expr","locations":[{"start":{"line":9,"column":9},"end":{"line":9,"column":33}},{"start":{"line":9,"column":37},"end":{"line":9,"column":null}}],"line":9},"2":{"loc":{"start":{"line":23,"column":9},"end":{"line":23,"column":null}},"type":"cond-expr","locations":[{"start":{"line":23,"column":18},"end":{"line":23,"column":32}},{"start":{"line":23,"column":35},"end":{"line":23,"column":null}}],"line":23},"3":{"loc":{"start":{"line":30,"column":9},"end":{"line":30,"column":null}},"type":"cond-expr","locations":[{"start":{"line":30,"column":18},"end":{"line":30,"column":34}},{"start":{"line":30,"column":37},"end":{"line":30,"column":null}}],"line":30},"4":{"loc":{"start":{"line":34,"column":13},"end":{"line":34,"column":62}},"type":"binary-expr","locations":[{"start":{"line":34,"column":13},"end":{"line":34,"column":34}},{"start":{"line":34,"column":38},"end":{"line":34,"column":62}}],"line":34},"5":{"loc":{"start":{"line":35,"column":9},"end":{"line":35,"column":null}},"type":"binary-expr","locations":[{"start":{"line":35,"column":9},"end":{"line":35,"column":14}},{"start":{"line":35,"column":14},"end":{"line":35,"column":null}}],"line":35},"6":{"loc":{"start":{"line":39,"column":9},"end":{"line":39,"column":72}},"type":"binary-expr","locations":[{"start":{"line":39,"column":9},"end":{"line":39,"column":37}},{"start":{"line":39,"column":41},"end":{"line":39,"column":72}}],"line":39},"7":{"loc":{"start":{"line":47,"column":12},"end":{"line":47,"column":null}},"type":"cond-expr","locations":[{"start":{"line":47,"column":34},"end":{"line":47,"column":39}},{"start":{"line":47,"column":39},"end":{"line":47,"column":null}}],"line":47},"8":{"loc":{"start":{"line":51,"column":4},"end":{"line":51,"column":null}},"type":"if","locations":[{"start":{"line":51,"column":4},"end":{"line":51,"column":null}},{"start":{},"end":{}}],"line":51},"9":{"loc":{"start":{"line":51,"column":8},"end":{"line":51,"column":52}},"type":"binary-expr","locations":[{"start":{"line":51,"column":8},"end":{"line":51,"column":31}},{"start":{"line":51,"column":31},"end":{"line":51,"column":52}}],"line":51},"10":{"loc":{"start":{"line":52,"column":4},"end":{"line":52,"column":null}},"type":"if","locations":[{"start":{"line":52,"column":4},"end":{"line":52,"column":null}},{"start":{},"end":{}}],"line":52},"11":{"loc":{"start":{"line":53,"column":16},"end":{"line":53,"column":69}},"type":"cond-expr","locations":[{"start":{"line":53,"column":38},"end":{"line":53,"column":47}},{"start":{"line":53,"column":47},"end":{"line":53,"column":69}}],"line":53},"12":{"loc":{"start":{"line":54,"column":4},"end":{"line":54,"column":null}},"type":"if","locations":[{"start":{"line":54,"column":4},"end":{"line":54,"column":null}},{"start":{},"end":{}}],"line":54},"13":{"loc":{"start":{"line":55,"column":4},"end":{"line":56,"column":null}},"type":"if","locations":[{"start":{"line":55,"column":4},"end":{"line":56,"column":null}},{"start":{},"end":{}}],"line":55},"14":{"loc":{"start":{"line":61,"column":4},"end":{"line":61,"column":null}},"type":"if","locations":[{"start":{"line":61,"column":4},"end":{"line":61,"column":null}},{"start":{},"end":{}}],"line":61},"15":{"loc":{"start":{"line":61,"column":8},"end":{"line":61,"column":52}},"type":"binary-expr","locations":[{"start":{"line":61,"column":8},"end":{"line":61,"column":31}},{"start":{"line":61,"column":31},"end":{"line":61,"column":52}}],"line":61},"16":{"loc":{"start":{"line":62,"column":4},"end":{"line":62,"column":null}},"type":"if","locations":[{"start":{"line":62,"column":4},"end":{"line":62,"column":null}},{"start":{},"end":{}}],"line":62},"17":{"loc":{"start":{"line":63,"column":16},"end":{"line":63,"column":69}},"type":"cond-expr","locations":[{"start":{"line":63,"column":38},"end":{"line":63,"column":47}},{"start":{"line":63,"column":47},"end":{"line":63,"column":69}}],"line":63},"18":{"loc":{"start":{"line":64,"column":4},"end":{"line":64,"column":null}},"type":"if","locations":[{"start":{"line":64,"column":4},"end":{"line":64,"column":null}},{"start":{},"end":{}}],"line":64},"19":{"loc":{"start":{"line":66,"column":4},"end":{"line":69,"column":null}},"type":"if","locations":[{"start":{"line":66,"column":4},"end":{"line":69,"column":null}},{"start":{},"end":{}}],"line":66},"20":{"loc":{"start":{"line":68,"column":6},"end":{"line":69,"column":null}},"type":"if","locations":[{"start":{"line":68,"column":6},"end":{"line":69,"column":null}},{"start":{},"end":{}}],"line":68},"21":{"loc":{"start":{"line":77,"column":21},"end":{"line":77,"column":null}},"type":"cond-expr","locations":[{"start":{"line":77,"column":43},"end":{"line":77,"column":50}},{"start":{"line":77,"column":50},"end":{"line":77,"column":null}}],"line":77},"22":{"loc":{"start":{"line":78,"column":4},"end":{"line":81,"column":null}},"type":"if","locations":[{"start":{"line":78,"column":4},"end":{"line":81,"column":null}},{"start":{"line":80,"column":11},"end":{"line":81,"column":null}}],"line":78}},"s":{"0":2,"1":1,"2":1,"3":3,"4":3,"5":2,"6":3,"7":3,"8":3,"9":1,"10":3,"11":3,"12":0,"13":0,"14":0,"15":2,"16":2,"17":2,"18":8,"19":1,"20":7,"21":0,"22":7,"23":8,"24":0,"25":7,"26":3,"27":2,"28":8,"29":1,"30":7,"31":0,"32":7,"33":8,"34":0,"35":7,"36":7,"37":4,"38":4,"39":2,"40":2,"41":2,"42":3,"43":5,"44":5,"45":5,"46":2,"47":3,"48":2},"f":{"0":2,"1":3,"2":3,"3":2,"4":3,"5":3,"6":0,"7":0,"8":2,"9":3},"b":{"0":[1,1],"1":[3,2],"2":[2,1],"3":[1,2],"4":[0,0],"5":[0,0],"6":[0,0],"7":[1,1],"8":[1,7],"9":[8,4],"10":[0,7],"11":[4,3],"12":[0,8],"13":[3,4],"14":[1,7],"15":[8,4],"16":[0,7],"17":[4,3],"18":[0,8],"19":[4,3],"20":[2,2],"21":[2,3],"22":[2,3]},"meta":{"lastBranch":23,"lastFunction":10,"lastStatement":49,"seen":{"f:3:16:3:26":0,"b:4:2:4:Infinity:undefined:undefined:undefined:undefined":0,"s:4:2:4:Infinity":0,"s:4:26:4:Infinity":1,"s:5:2:5:Infinity":2,"f:8:16:8:27":1,"s:9:2:9:Infinity":3,"b:9:9:9:33:9:37:9:Infinity":1,"f:12:16:12:24":2,"s:13:2:13:Infinity":4,"f:16:16:16:24":3,"s:17:2:17:Infinity":5,"f:20:16:20:25":4,"s:21:12:21:36":6,"s:22:12:22:30":7,"s:23:2:23:Infinity":8,"b:23:18:23:32:23:35:23:Infinity":2,"s:26:25:26:Infinity":9,"f:28:16:28:32":5,"s:29:12:29:33":10,"s:30:2:30:Infinity":11,"b:30:18:30:34:30:37:30:Infinity":3,"f:33:16:33:34":6,"s:34:8:34:70":12,"b:34:13:34:34:34:38:34:62":4,"s:35:2:35:Infinity":13,"b:35:9:35:14:35:14:35:Infinity":5,"f:38:16:38:39":7,"s:39:2:39:Infinity":14,"b:39:9:39:37:39:41:39:72":6,"f:46:16:46:30":8,"s:47:12:47:Infinity":15,"b:47:34:47:39:47:39:47:Infinity":7,"s:48:14:48:68":16,"s:50:2:56:Infinity":17,"b:51:4:51:Infinity:undefined:undefined:undefined:undefined":8,"s:51:4:51:Infinity":18,"b:51:8:51:31:51:31:51:52":9,"s:51:54:51:Infinity":19,"b:52:4:52:Infinity:undefined:undefined:undefined:undefined":10,"s:52:4:52:Infinity":20,"s:52:33:52:Infinity":21,"s:53:16:53:69":22,"b:53:38:53:47:53:47:53:69":11,"b:54:4:54:Infinity:undefined:undefined:undefined:undefined":12,"s:54:4:54:Infinity":23,"s:54:14:54:Infinity":24,"b:55:4:56:Infinity:undefined:undefined:undefined:undefined":13,"s:55:4:56:Infinity":25,"s:56:6:56:Infinity":26,"s:60:2:69:Infinity":27,"b:61:4:61:Infinity:undefined:undefined:undefined:undefined":14,"s:61:4:61:Infinity":28,"b:61:8:61:31:61:31:61:52":15,"s:61:54:61:Infinity":29,"b:62:4:62:Infinity:undefined:undefined:undefined:undefined":16,"s:62:4:62:Infinity":30,"s:62:33:62:Infinity":31,"s:63:16:63:69":32,"b:63:38:63:47:63:47:63:69":17,"b:64:4:64:Infinity:undefined:undefined:undefined:undefined":18,"s:64:4:64:Infinity":33,"s:64:14:64:Infinity":34,"s:65:18:65:34":35,"b:66:4:69:Infinity:undefined:undefined:undefined:undefined":19,"s:66:4:69:Infinity":36,"s:67:22:67:41":37,"b:68:6:69:Infinity:undefined:undefined:undefined:undefined":20,"s:68:6:69:Infinity":38,"s:69:8:69:Infinity":39,"s:74:27:74:29":40,"s:75:2:81:Infinity":41,"f:75:37:75:43":9,"s:75:52:75:70":42,"s:76:14:76:27":43,"s:77:21:77:Infinity":44,"b:77:43:77:50:77:50:77:Infinity":21,"b:78:4:81:Infinity:80:11:81:Infinity":22,"s:78:4:81:Infinity":45,"s:79:6:79:Infinity":46,"s:81:6:81:Infinity":47,"s:84:2:84:Infinity":48}}}
,"/Users/aaron.murniadi/workspace/personal/qrypt/frontend/wailsjs/go/models.ts": {"path":"/Users/aaron.murniadi/workspace/personal/qrypt/frontend/wailsjs/go/models.ts","statementMap":{"0":{"start":{"line":8,"column":9},"end":{"line":8,"column":null}},"1":{"start":{"line":12,"column":9},"end":{"line":12,"column":null}},"2":{"start":{"line":12,"column":41},"end":{"line":12,"column":null}},"3":{"start":{"line":13,"column":9},"end":{"line":13,"column":null}},"4":{"start":{"line":14,"column":9},"end":{"line":14,"column":null}},"5":{"start":{"line":24,"column":9},"end":{"line":24,"column":null}},"6":{"start":{"line":28,"column":9},"end":{"line":28,"column":null}},"7":{"start":{"line":28,"column":41},"end":{"line":28,"column":null}},"8":{"start":{"line":29,"column":9},"end":{"line":29,"column":null}},"9":{"start":{"line":30,"column":9},"end":{"line":30,"column":null}},"10":{"start":{"line":31,"column":9},"end":{"line":31,"column":null}},"11":{"start":{"line":32,"column":9},"end":{"line":32,"column":null}}},"fnMap":{"0":{"name":"(anonymous_0)","decl":{"start":{"line":7,"column":12},"end":{"line":7,"column":23}},"loc":{"start":{"line":7,"column":41},"end":{"line":8,"column":null}},"line":7},"1":{"name":"(anonymous_1)","decl":{"start":{"line":11,"column":5},"end":{"line":11,"column":17}},"loc":{"start":{"line":11,"column":35},"end":{"line":14,"column":null}},"line":11},"2":{"name":"(anonymous_2)","decl":{"start":{"line":23,"column":12},"end":{"line":23,"column":23}},"loc":{"start":{"line":23,"column":41},"end":{"line":24,"column":null}},"line":23},"3":{"name":"(anonymous_3)","decl":{"start":{"line":27,"column":5},"end":{"line":27,"column":17}},"loc":{"start":{"line":27,"column":35},"end":{"line":32,"column":null}},"line":27}},"branchMap":{"0":{"loc":{"start":{"line":7,"column":23},"end":{"line":7,"column":39}},"type":"default-arg","locations":[{"start":{"line":7,"column":37},"end":{"line":7,"column":39}}],"line":7},"1":{"loc":{"start":{"line":11,"column":17},"end":{"line":11,"column":33}},"type":"default-arg","locations":[{"start":{"line":11,"column":31},"end":{"line":11,"column":33}}],"line":11},"2":{"loc":{"start":{"line":12,"column":9},"end":{"line":12,"column":null}},"type":"if","locations":[{"start":{"line":12,"column":9},"end":{"line":12,"column":null}},{"start":{},"end":{}}],"line":12},"3":{"loc":{"start":{"line":23,"column":23},"end":{"line":23,"column":39}},"type":"default-arg","locations":[{"start":{"line":23,"column":37},"end":{"line":23,"column":39}}],"line":23},"4":{"loc":{"start":{"line":27,"column":17},"end":{"line":27,"column":33}},"type":"default-arg","locations":[{"start":{"line":27,"column":31},"end":{"line":27,"column":33}}],"line":27},"5":{"loc":{"start":{"line":28,"column":9},"end":{"line":28,"column":null}},"type":"if","locations":[{"start":{"line":28,"column":9},"end":{"line":28,"column":null}},{"start":{},"end":{}}],"line":28},"6":{"loc":{"start":{"line":36,"column":1},"end":{"line":36,"column":null}},"type":"binary-expr","locations":[{"start":{"line":36,"column":1},"end":{"line":36,"column":null}},{"start":{"line":36,"column":1},"end":{"line":36,"column":null}}],"line":36}},"s":{"0":0,"1":0,"2":0,"3":0,"4":0,"5":0,"6":4,"7":0,"8":4,"9":4,"10":4,"11":4},"f":{"0":1,"1":0,"2":1,"3":4},"b":{"0":[0],"1":[0],"2":[0,0],"3":[0],"4":[4],"5":[0,4],"6":[1,1]},"meta":{"lastBranch":7,"lastFunction":4,"lastStatement":12,"seen":{"f:7:12:7:23":0,"b:7:37:7:39":0,"s:8:9:8:Infinity":0,"f:11:5:11:17":1,"b:11:31:11:33":1,"b:12:9:12:Infinity:undefined:undefined:undefined:undefined":2,"s:12:9:12:Infinity":1,"s:12:41:12:Infinity":2,"s:13:9:13:Infinity":3,"s:14:9:14:Infinity":4,"f:23:12:23:23":2,"b:23:37:23:39":3,"s:24:9:24:Infinity":5,"f:27:5:27:17":3,"b:27:31:27:33":4,"b:28:9:28:Infinity:undefined:undefined:undefined:undefined":5,"s:28:9:28:Infinity":6,"s:28:41:28:Infinity":7,"s:29:9:29:Infinity":8,"s:30:9:30:Infinity":9,"s:31:9:31:Infinity":10,"s:32:9:32:Infinity":11,"b:36:1:36:Infinity:36:1:36:Infinity":6}}}
}
